{"level":"info","message":"Parameters 4 and 2 received for addition","service":"calculate-microservice"}
{"level":"info","message":"Parameters 4 and 2 received for addition","service":"calculate-microservice"}
{"level":"info","message":"Parameters 4 and 2 received for subtraction","service":"calculate-microservice"}
{"level":"info","message":"Parameters 4 and 2 received for subtraction","service":"calculate-microservice"}
{"level":"info","message":"Parameters 12 and 2 received for division","service":"calculate-microservice"}
{"level":"info","message":"Parameters 12 and 2 received for division","service":"calculate-microservice"}
{"level":"info","message":"Parameters 1 and 2 received for division","service":"calculate-microservice"}
{"level":"info","message":"Parameters 1 and 2 received for division","service":"calculate-microservice"}
{"level":"info","message":"Parameters 1 and 2.5 received for division","service":"calculate-microservice"}
{"level":"info","message":"Parameters 1 and 2.5 received for division","service":"calculate-microservice"}
{"level":"info","message":"Parameters -4 and 2.5 received for division","service":"calculate-microservice"}
{"level":"info","message":"Parameters -4 and 2.5 received for division","service":"calculate-microservice"}
{"level":"info","message":"Parameters -4 and 2.5 received for multiplication","service":"calculate-microservice"}
{"level":"info","message":"Parameters -4 and 2.5 received for multiplication","service":"calculate-microservice"}
{"level":"info","message":"Parameters 5 and 2.5 received for multiplication","service":"calculate-microservice"}
{"level":"info","message":"Parameters 5 and 2.5 received for multiplication","service":"calculate-microservice"}
{"level":"info","message":"Parameters 22 and 56 received for addition","service":"calculate-microservice"}
{"level":"info","message":"Parameters 22 and 56 received for addition","service":"calculate-microservice"}
{"level":"info","message":"Parameters 22 and 56 received for subtraction","service":"calculate-microservice"}
{"level":"info","message":"Parameters 22 and 56 received for subtraction","service":"calculate-microservice"}
{"level":"info","message":"Parameters 500 and 56 received for division","service":"calculate-microservice"}
{"level":"info","message":"Parameters 500 and 56 received for division","service":"calculate-microservice"}
{"level":"info","message":"Parameters 500 and 10 received for multiplication","service":"calculate-microservice"}
{"level":"info","message":"Parameters 500 and 10 received for multiplication","service":"calculate-microservice"}
